{
  "RSpec": {
    "coverage": {
      "/Users/masudniloy/EDA/TipJar/app/models/user.rb": [
        1,
        1,
        1,
        1,
        1,
        1,
        1,
        null,
        1,
        null,
        null,
        1,
        1,
        1,
        null,
        1,
        1,
        null,
        null,
        1,
        1,
        null,
        null
      ],
      "/Users/masudniloy/EDA/TipJar/app/helpers/application_helper.rb": [
        1,
        null
      ],
      "/Users/masudniloy/EDA/TipJar/app/helpers/tips_helper.rb": [
        1,
        null
      ],
      "/Users/masudniloy/EDA/TipJar/app/helpers/users_helper.rb": [
        1,
        null
      ],
      "/Users/masudniloy/EDA/TipJar/app/controllers/tips_controller.rb": [
        1,
        1,
        null,
        1,
        3,
        3,
        null,
        null,
        1,
        3,
        3,
        null,
        null,
        1,
        3,
        3,
        null,
        null,
        1,
        3,
        3,
        null,
        null,
        1,
        null,
        null,
        1,
        10,
        10,
        null,
        10,
        5,
        null,
        5,
        null,
        null,
        null,
        1,
        null,
        1,
        10,
        null,
        null,
        null
      ],
      "/Users/masudniloy/EDA/TipJar/app/controllers/application_controller.rb": [
        1,
        1,
        null,
        null,
        1,
        null,
        1,
        1,
        0,
        null,
        null
      ],
      "/Users/masudniloy/EDA/TipJar/app/controllers/users_controller.rb": [
        1,
        1,
        null,
        1,
        3,
        3,
        null,
        null,
        1,
        3,
        3,
        null,
        null,
        null,
        null,
        null,
        null,
        null,
        null
      ],
      "/Users/masudniloy/EDA/TipJar/app/models/deposit.rb": [
        1,
        1,
        null
      ],
      "/Users/masudniloy/EDA/TipJar/app/models/tip.rb": [
        1,
        1,
        1,
        null,
        1,
        1,
        null
      ],
      "/Users/masudniloy/EDA/TipJar/app/models/tippee.rb": [
        1,
        1,
        1,
        null
      ],
      "/Users/masudniloy/EDA/TipJar/app/models/tipper.rb": [
        1,
        1,
        1,
        null
      ],
      "/Users/masudniloy/EDA/TipJar/app/models/withdrawal.rb": [
        1,
        1,
        null
      ]
    },
    "timestamp": 1437123200
  }
}
